<?xml version="1.0" encoding="UTF-8"?>
<!-- Generated by org.testng.reporters.JUnitReportReporter -->
<testsuite hostname="LAPTOP-NJTHLN62" failures="0" tests="6" name="testNGAssignment1_login_Scn.All_methods" time="27.689" errors="0" timestamp="2024-06-22T18:15:34 IST" skipped="0">
  <testcase classname="testNGAssignment1_login_Scn.All_methods" name="negativeTestLoginWithoutPass" time="4.380"/>
  <testcase classname="testNGAssignment1_login_Scn.All_methods" name="negativeTestLoginWithoutUser" time="4.943"/>
  <testcase classname="testNGAssignment1_login_Scn.All_methods" name="negativeTestLoginWithoutUserPass" time="3.332"/>
  <testcase classname="testNGAssignment1_login_Scn.All_methods" name="LoginWithValidCreds" time="6.954"/>
  <testcase classname="testNGAssignment1_login_Scn.All_methods" name="pageVerification" time="3.493"/>
  <testcase classname="testNGAssignment1_login_Scn.All_methods" name="negativeTestLoginWithInvalidCreds" time="4.587"/>
</testsuite> <!-- testNGAssignment1_login_Scn.All_methods -->
