<?xml version="1.0" encoding="UTF-8"?>
<!-- Generated by org.testng.reporters.JUnitReportReporter -->
<testsuite hostname="LAPTOP-NJTHLN62" failures="0" tests="2" name="class_52_TestNGBasics.MyFirstTestNG" time="0.006" errors="0" timestamp="2024-06-19T09:09:37 IST" skipped="0">
  <testcase classname="class_52_TestNGBasics.MyFirstTestNG" name="test1" time="0.003"/>
  <testcase classname="class_52_TestNGBasics.MyFirstTestNG" name="test2" time="0.003"/>
</testsuite> <!-- class_52_TestNGBasics.MyFirstTestNG -->
