<?xml version="1.0" encoding="UTF-8"?>
<!-- Generated by org.testng.reporters.JUnitReportReporter -->
<testsuite hostname="LAPTOP-NJTHLN62" failures="0" tests="3" name="class_58_Data_Driven_Testing.DDT_with_2D_Array" time="0.013" errors="0" timestamp="2024-06-26T23:23:18 IST" skipped="0">
  <testcase classname="class_58_Data_Driven_Testing.DDT_with_2D_Array" name="receiveData" time="0.001">
    <system-out>
      <![CDATA[Log Started
Cypress
C++]]>
    </system-out>
  </testcase> <!-- receiveData -->
  <testcase classname="class_58_Data_Driven_Testing.DDT_with_2D_Array" name="receiveData" time="0.001">
    <system-out>
      <![CDATA[Log Started
Jenkins
GitHub]]>
    </system-out>
  </testcase> <!-- receiveData -->
  <testcase classname="class_58_Data_Driven_Testing.DDT_with_2D_Array" name="receiveData" time="0.011">
    <system-out>
      <![CDATA[Log Started
selenium
PlayWrite]]>
    </system-out>
  </testcase> <!-- receiveData -->
  <system-out>
    <![CDATA[Log Started
selenium
PlayWrite
Log Started
Cypress
C++
Log Started
Jenkins
GitHub]]>
  </system-out>
</testsuite> <!-- class_58_Data_Driven_Testing.DDT_with_2D_Array -->
