<?xml version="1.0" encoding="UTF-8"?>
<!-- Generated by org.testng.reporters.JUnitReportReporter -->
<testsuite hostname="LAPTOP-NJTHLN62" failures="0" tests="3" name="class_53_Assertions.Assert_class" time="0.017" errors="0" timestamp="2024-06-22T18:54:38 IST" skipped="0">
  <testcase classname="class_53_Assertions.Assert_class" name="assertEqualsDemo" time="0.013"/>
  <testcase classname="class_53_Assertions.Assert_class" name="assertFalseDemo" time="0.003"/>
  <testcase classname="class_53_Assertions.Assert_class" name="assertTrueDemo" time="0.001"/>
</testsuite> <!-- class_53_Assertions.Assert_class -->
