<?xml version="1.0" encoding="UTF-8"?>
<!-- Generated by org.testng.reporters.JUnitReportReporter -->
<testsuite hostname="LAPTOP-NJTHLN62" failures="0" tests="3" name="class_58_Data_Driven_Testing.MyTest_AcceptData_from_DataProvider" time="21.195" errors="0" timestamp="2024-06-27T16:05:49 IST" skipped="0">
  <testcase classname="class_58_Data_Driven_Testing.MyTest_AcceptData_from_DataProvider" name="registerUser" time="7.806"/>
  <testcase classname="class_58_Data_Driven_Testing.MyTest_AcceptData_from_DataProvider" name="registerUser" time="6.253"/>
  <testcase classname="class_58_Data_Driven_Testing.MyTest_AcceptData_from_DataProvider" name="registerUser" time="7.136"/>
</testsuite> <!-- class_58_Data_Driven_Testing.MyTest_AcceptData_from_DataProvider -->
