<?xml version="1.0" encoding="UTF-8"?>
<!-- Generated by org.testng.reporters.JUnitReportReporter -->
<testsuite hostname="LAPTOP-NJTHLN62" failures="0" tests="3" name="class_57_Cross_browser.URL_Sanity" time="31.618" errors="0" timestamp="2024-06-25T20:01:25 IST" skipped="0">
  <testcase classname="class_57_Cross_browser.URL_Sanity" name="url_prechecks" time="9.534"/>
  <testcase classname="class_57_Cross_browser.URL_Sanity" name="url_prechecks" time="11.292"/>
  <testcase classname="class_57_Cross_browser.URL_Sanity" name="url_prechecks" time="10.792"/>
</testsuite> <!-- class_57_Cross_browser.URL_Sanity -->
