<?xml version="1.0" encoding="UTF-8"?>
<!-- Generated by org.testng.reporters.JUnitReportReporter -->
<testsuite hostname="LAPTOP-NJTHLN62" failures="0" tests="1" name="class_52_Assignment_First_TestNG_Test.FirstTestNGClass" time="5.674" errors="0" timestamp="2024-06-22T18:07:18 IST" skipped="0">
  <testcase classname="class_52_Assignment_First_TestNG_Test.FirstTestNGClass" name="firstTestNGMethod" time="5.674"/>
</testsuite> <!-- class_52_Assignment_First_TestNG_Test.FirstTestNGClass -->
