<?xml version="1.0" encoding="UTF-8"?>
<!-- Generated by org.testng.reporters.JUnitReportReporter -->
<testsuite hostname="LAPTOP-NJTHLN62" failures="0" tests="1" name="class_54_TestNGParallelExecution.GoldenChecks" time="6.221" errors="0" timestamp="2024-06-23T06:30:03 IST" skipped="0">
  <testcase classname="class_54_TestNGParallelExecution.GoldenChecks" name="verifyTitle" time="6.221"/>
</testsuite> <!-- class_54_TestNGParallelExecution.GoldenChecks -->
