<?xml version="1.0" encoding="UTF-8"?>
<!-- Generated by org.testng.reporters.JUnitReportReporter -->
<testsuite hostname="LAPTOP-NJTHLN62" failures="0" tests="1" name="class_52_TestNGBasics.HardAssertDemo1" time="0.019" errors="0" timestamp="2024-06-19T09:09:37 IST" skipped="0">
  <testcase classname="class_52_TestNGBasics.HardAssertDemo1" name="verifyTitle" time="0.019"/>
</testsuite> <!-- class_52_TestNGBasics.HardAssertDemo1 -->
