<?xml version="1.0" encoding="UTF-8"?>
<!-- Generated by org.testng.reporters.JUnitReportReporter -->
<testsuite hostname="LAPTOP-NJTHLN62" failures="0" tests="2" name="class_54_TestNGParallelExecution.MyRegressionTest" time="12.466" errors="0" timestamp="2024-06-23T06:30:03 IST" skipped="0">
  <testcase classname="class_54_TestNGParallelExecution.MyRegressionTest" name="NegativeLoginTesting" time="6.984"/>
  <testcase classname="class_54_TestNGParallelExecution.MyRegressionTest" name="SocialMediaLinksVerification" time="5.482"/>
</testsuite> <!-- class_54_TestNGParallelExecution.MyRegressionTest -->
