<?xml version="1.0" encoding="UTF-8"?>
<!-- Generated by org.testng.reporters.JUnitReportReporter -->
<testsuite hostname="LAPTOP-NJTHLN62" failures="0" tests="1" name="class_61_Read_config_file.Sample_Access_any_property" time="0.007" errors="0" timestamp="2024-06-27T09:28:41 IST" skipped="0">
  <testcase classname="class_61_Read_config_file.Sample_Access_any_property" name="accessConfig" time="0.007"/>
</testsuite> <!-- class_61_Read_config_file.Sample_Access_any_property -->
