<?xml version="1.0" encoding="UTF-8"?>
<!-- Generated by org.testng.reporters.JUnitReportReporter -->
<testsuite hostname="LAPTOP-NJTHLN62" failures="0" tests="1" name="class_61_Read_config_file.Refratrored_Config_Reader" time="0.006" errors="0" timestamp="2024-06-27T09:06:14 IST" skipped="0">
  <testcase classname="class_61_Read_config_file.Refratrored_Config_Reader" name="readConfigrefratored" time="0.006"/>
</testsuite> <!-- class_61_Read_config_file.Refratrored_Config_Reader -->
